
2021-03-29T06:03:28Z :: Request https://wkscp-lsa-uks-test.azurewebsites.net/LicenseServer/Authorization/RequestChallenge
2021-03-29T06:03:29Z :: Response 0
2021-03-29T06:03:29Z :: Request https://wkscp-lsa-uks-test.azurewebsites.net/LicenseServer/EC/UserLicense/bizdesire10%40yopmail.com
2021-03-29T06:03:29Z :: Response 0
2021-03-29T06:03:29Z :: Request https://wkscp-lsa-uks-test.azurewebsites.net/LicenseServer/Authorization/RequestChallenge
2021-03-29T06:03:29Z :: Response 0
2021-03-29T06:03:29Z :: Request https://wkscp-lsa-uks-test.azurewebsites.net/LicenseServer/EC/UserLicense/bizdesire6%40yopmail.com
2021-03-29T06:03:29Z :: Response 0
2021-03-29T06:03:29Z :: Request https://wkscp-lsa-uks-test.azurewebsites.net/LicenseServer/Authorization/RequestChallenge
2021-03-29T06:03:29Z :: Response 0
2021-03-29T06:03:29Z :: Request https://wkscp-lsa-uks-test.azurewebsites.net/LicenseServer/EC/UserLicense/bizdesire7%40yopmail.com
2021-03-29T06:03:29Z :: Response 0
2021-03-29T06:03:29Z :: Request https://wkscp-lsa-uks-test.azurewebsites.net/LicenseServer/Authorization/RequestChallenge
2021-03-29T06:03:29Z :: Response 0
2021-03-29T06:03:29Z :: Request https://wkscp-lsa-uks-test.azurewebsites.net/LicenseServer/EC/UserLicense/bizdesire8%40yopmail.com
2021-03-29T06:03:29Z :: Response 0
2021-03-29T06:03:29Z :: Request https://wkscp-lsa-uks-test.azurewebsites.net/LicenseServer/Authorization/RequestChallenge
2021-03-29T06:03:29Z :: Response 0
2021-03-29T06:03:29Z :: Request https://wkscp-lsa-uks-test.azurewebsites.net/LicenseServer/EC/UserLicense/bizdesire9%40yopmail.com
2021-03-29T06:03:29Z :: Response 0
2021-03-29T06:03:45Z :: Request https://wkscp-lsa-uks-test.azurewebsites.net/LicenseServer/Authorization/RequestChallenge
2021-03-29T06:03:45Z :: Response 0
2021-03-29T06:03:45Z :: Request https://wkscp-lsa-uks-test.azurewebsites.net/LicenseServer/EC/HasLicense?email=bizdesire6%40yopmail.com
2021-03-29T06:03:45Z :: Response 0
2021-03-29T06:03:45Z :: Request https://wkscp-lsa-uks-test.azurewebsites.net/LicenseServer/Authorization/RequestChallenge
2021-03-29T06:03:45Z :: Response 0
2021-03-29T06:03:45Z :: Request https://wkscp-lsa-uks-test.azurewebsites.net/LicenseServer/Authorization/RequestChallenge
2021-03-29T06:03:45Z :: Response 0
2021-03-29T06:03:45Z :: Request https://wkscp-lsa-uks-test.azurewebsites.net/LicenseServer/EC/HasLicense?email=bizdesire6%40yopmail.com
2021-03-29T06:03:45Z :: Response 0
2021-03-29T06:03:45Z :: Request https://wkscp-lsa-uks-test.azurewebsites.net/LicenseServer/EC/UserLicense/bizdesire6@yopmail.com
2021-03-29T06:03:45Z :: Response 0
2021-03-29T06:03:45Z :: Request https://wkscp-lsa-uks-test.azurewebsites.net/LicenseServer/Authorization/RequestChallenge
2021-03-29T06:03:45Z :: Response 0
2021-03-29T06:03:45Z :: Request https://wkscp-lsa-uks-test.azurewebsites.net/LicenseServer/EC/HasLicense?email=bizdesire6%40yopmail.com
2021-03-29T06:03:45Z :: Response 0
2021-03-29T06:03:45Z :: Request https://wkscp-lsa-uks-test.azurewebsites.net/LicenseServer/Authorization/RequestChallenge
2021-03-29T06:03:45Z :: Response 0
2021-03-29T06:03:45Z :: Request https://wkscp-lsa-uks-test.azurewebsites.net/LicenseServer/Authorization/RequestChallenge
2021-03-29T06:03:45Z :: Response 0
2021-03-29T06:03:45Z :: Request https://wkscp-lsa-uks-test.azurewebsites.net/LicenseServer/EC/HasLicense?email=bizdesire6%40yopmail.com
2021-03-29T06:03:45Z :: Response 0
2021-03-29T06:03:45Z :: Request https://wkscp-lsa-uks-test.azurewebsites.net/LicenseServer/EC/UserLicense/bizdesire6@yopmail.com
2021-03-29T06:03:45Z :: Response 0
2021-03-29T06:09:13Z :: Request https://wkscp-lsa-uks-test.azurewebsites.net/LicenseServer/Authorization/RequestChallenge
2021-03-29T06:09:13Z :: Response 0
2021-03-29T06:09:13Z :: Request https://wkscp-lsa-uks-test.azurewebsites.net/LicenseServer/EC/HasLicense?email=bizdesire8%40yopmail.com
2021-03-29T06:09:13Z :: Response 0
2021-03-29T06:09:13Z :: Request https://wkscp-lsa-uks-test.azurewebsites.net/LicenseServer/Authorization/RequestChallenge
2021-03-29T06:09:13Z :: Response 0
2021-03-29T06:09:13Z :: Request https://wkscp-lsa-uks-test.azurewebsites.net/LicenseServer/Authorization/RequestChallenge
2021-03-29T06:09:13Z :: Response 0
2021-03-29T06:09:13Z :: Request https://wkscp-lsa-uks-test.azurewebsites.net/LicenseServer/EC/HasLicense?email=bizdesire8%40yopmail.com
2021-03-29T06:09:13Z :: Response 0
2021-03-29T06:09:13Z :: Request https://wkscp-lsa-uks-test.azurewebsites.net/LicenseServer/EC/UserLicense/bizdesire8@yopmail.com
2021-03-29T06:09:13Z :: Response 0
2021-03-29T06:09:13Z :: Request https://wkscp-lsa-uks-test.azurewebsites.net/LicenseServer/Authorization/RequestChallenge
2021-03-29T06:09:13Z :: Response 0
2021-03-29T06:09:13Z :: Request https://wkscp-lsa-uks-test.azurewebsites.net/LicenseServer/EC/HasLicense?email=bizdesire8%40yopmail.com
2021-03-29T06:09:13Z :: Response 0
2021-03-29T06:09:13Z :: Request https://wkscp-lsa-uks-test.azurewebsites.net/LicenseServer/Authorization/RequestChallenge
2021-03-29T06:09:13Z :: Response 0
2021-03-29T06:09:13Z :: Request https://wkscp-lsa-uks-test.azurewebsites.net/LicenseServer/Authorization/RequestChallenge
2021-03-29T06:09:13Z :: Response 0
2021-03-29T06:09:13Z :: Request https://wkscp-lsa-uks-test.azurewebsites.net/LicenseServer/EC/HasLicense?email=bizdesire8%40yopmail.com
2021-03-29T06:09:13Z :: Response 0
2021-03-29T06:09:13Z :: Request https://wkscp-lsa-uks-test.azurewebsites.net/LicenseServer/EC/UserLicense/bizdesire8@yopmail.com
2021-03-29T06:09:14Z :: Response 0
2021-03-29T06:14:30Z :: Request https://wkscp-lsa-uks-test.azurewebsites.net/LicenseServer/Authorization/RequestChallenge
2021-03-29T06:14:30Z :: Response 0
2021-03-29T06:14:30Z :: Request https://wkscp-lsa-uks-test.azurewebsites.net/LicenseServer/EC/HasLicense?email=bizdesire9%40yopmail.com
2021-03-29T06:14:30Z :: Response 0
2021-03-29T06:14:30Z :: Request https://wkscp-lsa-uks-test.azurewebsites.net/LicenseServer/Authorization/RequestChallenge
2021-03-29T06:14:30Z :: Response 0
2021-03-29T06:14:30Z :: Request https://wkscp-lsa-uks-test.azurewebsites.net/LicenseServer/Authorization/RequestChallenge
2021-03-29T06:14:30Z :: Response 0
2021-03-29T06:14:30Z :: Request https://wkscp-lsa-uks-test.azurewebsites.net/LicenseServer/EC/HasLicense?email=bizdesire9%40yopmail.com
2021-03-29T06:14:30Z :: Response 0
2021-03-29T06:14:30Z :: Request https://wkscp-lsa-uks-test.azurewebsites.net/LicenseServer/EC/UserLicense/bizdesire9@yopmail.com
2021-03-29T06:14:30Z :: Response 0
2021-03-29T06:14:30Z :: Request https://wkscp-lsa-uks-test.azurewebsites.net/LicenseServer/Authorization/RequestChallenge
2021-03-29T06:14:30Z :: Response 0
2021-03-29T06:14:30Z :: Request https://wkscp-lsa-uks-test.azurewebsites.net/LicenseServer/EC/HasLicense?email=bizdesire9%40yopmail.com
2021-03-29T06:14:30Z :: Response 0
2021-03-29T06:14:30Z :: Request https://wkscp-lsa-uks-test.azurewebsites.net/LicenseServer/Authorization/RequestChallenge
2021-03-29T06:14:30Z :: Response 0
2021-03-29T06:14:30Z :: Request https://wkscp-lsa-uks-test.azurewebsites.net/LicenseServer/Authorization/RequestChallenge
2021-03-29T06:14:30Z :: Response 0
2021-03-29T06:14:30Z :: Request https://wkscp-lsa-uks-test.azurewebsites.net/LicenseServer/EC/HasLicense?email=bizdesire9%40yopmail.com
2021-03-29T06:14:30Z :: Response 0
2021-03-29T06:14:30Z :: Request https://wkscp-lsa-uks-test.azurewebsites.net/LicenseServer/EC/UserLicense/bizdesire9@yopmail.com
2021-03-29T06:14:30Z :: Response 0
2021-03-29T06:14:30Z :: Request update license
2021-03-29T06:17:04Z :: Request https://wkscp-lsa-uks-test.azurewebsites.net/LicenseServer/Authorization/RequestChallenge
2021-03-29T06:17:04Z :: Response 0
2021-03-29T06:17:04Z :: Request https://wkscp-lsa-uks-test.azurewebsites.net/LicenseServer/EC/HasLicense?email=bizdesire10%40yopmail.com
2021-03-29T06:17:04Z :: Response 0
2021-03-29T06:17:04Z :: Request https://wkscp-lsa-uks-test.azurewebsites.net/LicenseServer/Authorization/RequestChallenge
2021-03-29T06:17:04Z :: Response 0
2021-03-29T06:17:04Z :: Request https://wkscp-lsa-uks-test.azurewebsites.net/LicenseServer/Authorization/RequestChallenge
2021-03-29T06:17:04Z :: Response 0
2021-03-29T06:17:04Z :: Request https://wkscp-lsa-uks-test.azurewebsites.net/LicenseServer/EC/HasLicense?email=bizdesire10%40yopmail.com
2021-03-29T06:17:04Z :: Response 0
2021-03-29T06:17:04Z :: Request https://wkscp-lsa-uks-test.azurewebsites.net/LicenseServer/EC/UserLicense/bizdesire10@yopmail.com
2021-03-29T06:17:04Z :: Response 0
2021-03-29T06:17:04Z :: Request https://wkscp-lsa-uks-test.azurewebsites.net/LicenseServer/Authorization/RequestChallenge
2021-03-29T06:17:04Z :: Response 0
2021-03-29T06:17:04Z :: Request https://wkscp-lsa-uks-test.azurewebsites.net/LicenseServer/EC/HasLicense?email=bizdesire10%40yopmail.com
2021-03-29T06:17:04Z :: Response 0
2021-03-29T06:17:04Z :: 
2021-03-29T06:17:04Z :: Request https://wkscp-lsa-uks-test.azurewebsites.net/LicenseServer/Authorization/RequestChallenge
2021-03-29T06:17:04Z :: Response 0
2021-03-29T06:17:04Z :: Request https://wkscp-lsa-uks-test.azurewebsites.net/LicenseServer/Authorization/RequestChallenge
2021-03-29T06:17:04Z :: Response 0
2021-03-29T06:17:04Z :: Request https://wkscp-lsa-uks-test.azurewebsites.net/LicenseServer/EC/HasLicense?email=bizdesire10%40yopmail.com
2021-03-29T06:17:05Z :: Response 0
2021-03-29T06:17:05Z :: Request https://wkscp-lsa-uks-test.azurewebsites.net/LicenseServer/EC/UserLicense/bizdesire10@yopmail.com
2021-03-29T06:17:05Z :: Response 0
2021-03-29T06:17:05Z :: Request update license
2021-03-29T06:20:02Z :: Request https://wkscp-lsa-uks-test.azurewebsites.net/LicenseServer/Authorization/RequestChallenge
2021-03-29T06:20:02Z :: Response 0
2021-03-29T06:20:02Z :: Request https://wkscp-lsa-uks-test.azurewebsites.net/LicenseServer/EC/UserLicense/bizdesire10%40yopmail.com
2021-03-29T06:20:02Z :: Response 0
2021-03-29T06:20:02Z :: Request https://wkscp-lsa-uks-test.azurewebsites.net/LicenseServer/Authorization/RequestChallenge
2021-03-29T06:20:02Z :: Response 0
2021-03-29T06:20:02Z :: Request https://wkscp-lsa-uks-test.azurewebsites.net/LicenseServer/EC/UserLicense/bizdesire6%40yopmail.com
2021-03-29T06:20:02Z :: Response 0
2021-03-29T06:20:02Z :: Request https://wkscp-lsa-uks-test.azurewebsites.net/LicenseServer/Authorization/RequestChallenge
2021-03-29T06:20:02Z :: Response 0
2021-03-29T06:20:02Z :: Request https://wkscp-lsa-uks-test.azurewebsites.net/LicenseServer/EC/UserLicense/bizdesire7%40yopmail.com
2021-03-29T06:20:02Z :: Response 0
2021-03-29T06:20:03Z :: Request https://wkscp-lsa-uks-test.azurewebsites.net/LicenseServer/Authorization/RequestChallenge
2021-03-29T06:20:03Z :: Response 0
2021-03-29T06:20:03Z :: Request https://wkscp-lsa-uks-test.azurewebsites.net/LicenseServer/EC/UserLicense/bizdesire8%40yopmail.com
2021-03-29T06:20:03Z :: Response 0
2021-03-29T06:20:03Z :: Request https://wkscp-lsa-uks-test.azurewebsites.net/LicenseServer/Authorization/RequestChallenge
2021-03-29T06:20:03Z :: Response 0
2021-03-29T06:20:03Z :: Request https://wkscp-lsa-uks-test.azurewebsites.net/LicenseServer/EC/UserLicense/bizdesire9%40yopmail.com
2021-03-29T06:20:03Z :: Response 0
2021-03-29T06:28:05Z :: Request https://wkscp-lsa-uks-test.azurewebsites.net/LicenseServer/Authorization/RequestChallenge
2021-03-29T06:28:05Z :: Response 200
2021-03-29T06:28:05Z :: Request https://wkscp-lsa-uks-test.azurewebsites.net/LicenseServer/EC/HasLicense?email=bizdesire6%40yopmail.com
2021-03-29T06:28:05Z :: Response 200
2021-03-29T06:28:05Z :: Request https://wkscp-lsa-uks-test.azurewebsites.net/LicenseServer/Authorization/RequestChallenge
2021-03-29T06:28:06Z :: Response 200
2021-03-29T06:28:06Z :: Request https://wkscp-lsa-uks-test.azurewebsites.net/LicenseServer/Authorization/RequestChallenge
2021-03-29T06:28:06Z :: Response 200
2021-03-29T06:28:06Z :: Request https://wkscp-lsa-uks-test.azurewebsites.net/LicenseServer/EC/HasLicense?email=bizdesire6%40yopmail.com
2021-03-29T06:28:06Z :: Response 200
2021-03-29T06:28:06Z :: Request https://wkscp-lsa-uks-test.azurewebsites.net/LicenseServer/EC/UserLicense/bizdesire6@yopmail.com
2021-03-29T06:28:06Z :: Response 204
2021-03-29T06:28:06Z :: Request create strater pack
2021-03-29T06:28:06Z :: Request https://wkscp-lsa-uks-test.azurewebsites.net/LicenseServer/Authorization/RequestChallenge
2021-03-29T06:28:06Z :: Response 200
2021-03-29T06:28:06Z :: Request https://wkscp-lsa-uks-test.azurewebsites.net/LicenseServer/EC/HasLicense?email=bizdesire6%40yopmail.com
2021-03-29T06:28:06Z :: Response 200
2021-03-29T06:28:06Z :: "XL Agent Starter"
2021-03-29T06:28:06Z :: Request https://wkscp-lsa-uks-test.azurewebsites.net/LicenseServer/Authorization/RequestChallenge
2021-03-29T06:28:07Z :: Response 200
2021-03-29T06:28:07Z :: Request https://wkscp-lsa-uks-test.azurewebsites.net/LicenseServer/Authorization/RequestChallenge
2021-03-29T06:28:07Z :: Response 200
2021-03-29T06:28:07Z :: Request https://wkscp-lsa-uks-test.azurewebsites.net/LicenseServer/EC/HasLicense?email=bizdesire6%40yopmail.com
2021-03-29T06:28:07Z :: Response 200
2021-03-29T06:28:07Z :: Request https://wkscp-lsa-uks-test.azurewebsites.net/LicenseServer/EC/UserLicense/bizdesire6@yopmail.com
2021-03-29T06:28:07Z :: Response 400
2021-03-29T06:28:07Z :: Request update license
2021-03-29T06:32:16Z :: Request request_cancel_fastspring_subscription
2021-03-29T06:32:17Z :: Request https://wkscp-lsa-uks-test.azurewebsites.net/LicenseServer/Authorization/RequestChallenge
2021-03-29T06:32:17Z :: Response 200
2021-03-29T06:32:17Z :: Request https://wkscp-lsa-uks-test.azurewebsites.net/LicenseServer/EC/UserLicense/bizdesire6%40yopmail.com
2021-03-29T06:32:17Z :: Response 204
2021-03-29T06:32:35Z :: Request create_default_subscription
2021-03-29T06:32:35Z :: Request https://wkscp-lsa-uks-test.azurewebsites.net/LicenseServer/Authorization/RequestChallenge
2021-03-29T06:32:35Z :: Response 200
2021-03-29T06:32:35Z :: Request https://wkscp-lsa-uks-test.azurewebsites.net/LicenseServer/EC/HasLicense?email=bizdesire7%40yopmail.com
2021-03-29T06:32:35Z :: Response 200
2021-03-29T06:32:35Z :: Request https://wkscp-lsa-uks-test.azurewebsites.net/LicenseServer/Authorization/RequestChallenge
2021-03-29T06:32:35Z :: Response 200
2021-03-29T06:32:35Z :: Request https://wkscp-lsa-uks-test.azurewebsites.net/LicenseServer/Authorization/RequestChallenge
2021-03-29T06:32:35Z :: Response 200
2021-03-29T06:32:35Z :: Request https://wkscp-lsa-uks-test.azurewebsites.net/LicenseServer/EC/HasLicense?email=bizdesire7%40yopmail.com
2021-03-29T06:32:35Z :: Response 200
2021-03-29T06:32:35Z :: Request https://wkscp-lsa-uks-test.azurewebsites.net/LicenseServer/EC/UserLicense/bizdesire7@yopmail.com
2021-03-29T06:32:35Z :: Response 204
2021-03-29T06:32:36Z :: Request create strater pack
2021-03-29T06:32:36Z :: Request https://wkscp-lsa-uks-test.azurewebsites.net/LicenseServer/Authorization/RequestChallenge
2021-03-29T06:32:36Z :: Response 200
2021-03-29T06:32:36Z :: Request https://wkscp-lsa-uks-test.azurewebsites.net/LicenseServer/EC/HasLicense?email=bizdesire7%40yopmail.com
2021-03-29T06:32:36Z :: Response 200
2021-03-29T06:32:36Z :: "XL Agent Starter"
2021-03-29T06:32:36Z :: Request https://wkscp-lsa-uks-test.azurewebsites.net/LicenseServer/Authorization/RequestChallenge
2021-03-29T06:32:36Z :: Response 200
2021-03-29T06:32:36Z :: Request https://wkscp-lsa-uks-test.azurewebsites.net/LicenseServer/Authorization/RequestChallenge
2021-03-29T06:32:36Z :: Response 200
2021-03-29T06:32:36Z :: Request https://wkscp-lsa-uks-test.azurewebsites.net/LicenseServer/EC/HasLicense?email=bizdesire7%40yopmail.com
2021-03-29T06:32:36Z :: Response 200
2021-03-29T06:32:36Z :: Request https://wkscp-lsa-uks-test.azurewebsites.net/LicenseServer/EC/UserLicense/bizdesire7@yopmail.com
2021-03-29T06:32:36Z :: Response 400
2021-03-29T06:32:36Z :: Request update license
2021-03-29T06:32:36Z :: Request wordpress_create_subscriber