
2021-03-29T07:09:38Z :: Response 204
2021-03-29T07:11:43Z :: Request fastspring_subscription_updated
2021-03-29T07:11:44Z :: Request fastspring_subscription_charge_completed
2021-03-29T07:14:57Z :: Request fastspring_subscription_updated
2021-03-29T07:14:57Z :: Request https://wkscp-lsa-uks-test.azurewebsites.net/LicenseServer/Authorization/RequestChallenge
2021-03-29T07:14:57Z :: Response 200
2021-03-29T07:14:57Z :: Request https://wkscp-lsa-uks-test.azurewebsites.net/LicenseServer/EC/HasLicense?email=bizdesire6%40yopmail.com
2021-03-29T07:14:58Z :: Response 200
2021-03-29T07:14:58Z :: Request https://wkscp-lsa-uks-test.azurewebsites.net/LicenseServer/Authorization/RequestChallenge
2021-03-29T07:14:58Z :: Response 200
2021-03-29T07:14:58Z :: Request https://wkscp-lsa-uks-test.azurewebsites.net/LicenseServer/Authorization/RequestChallenge
2021-03-29T07:14:58Z :: Response 200
2021-03-29T07:14:58Z :: Request https://wkscp-lsa-uks-test.azurewebsites.net/LicenseServer/EC/HasLicense?email=bizdesire6%40yopmail.com
2021-03-29T07:14:58Z :: Response 200
2021-03-29T07:14:58Z :: Request https://wkscp-lsa-uks-test.azurewebsites.net/LicenseServer/EC/UserLicense/bizdesire6@yopmail.com
2021-03-29T07:14:58Z :: Response 204
2021-03-29T07:15:58Z :: Request fastspring_subscription_updated
2021-03-29T07:15:58Z :: Request https://wkscp-lsa-uks-test.azurewebsites.net/LicenseServer/Authorization/RequestChallenge
2021-03-29T07:15:58Z :: Response 200
2021-03-29T07:15:58Z :: Request https://wkscp-lsa-uks-test.azurewebsites.net/LicenseServer/EC/HasLicense?email=bizdesire6%40yopmail.com
2021-03-29T07:15:58Z :: Response 200
2021-03-29T07:15:58Z :: Request https://wkscp-lsa-uks-test.azurewebsites.net/LicenseServer/Authorization/RequestChallenge
2021-03-29T07:15:58Z :: Response 200
2021-03-29T07:15:58Z :: Request https://wkscp-lsa-uks-test.azurewebsites.net/LicenseServer/Authorization/RequestChallenge
2021-03-29T07:15:58Z :: Response 200
2021-03-29T07:15:58Z :: Request https://wkscp-lsa-uks-test.azurewebsites.net/LicenseServer/EC/HasLicense?email=bizdesire6%40yopmail.com
2021-03-29T07:15:58Z :: Response 200
2021-03-29T07:15:59Z :: Request https://wkscp-lsa-uks-test.azurewebsites.net/LicenseServer/EC/UserLicense/bizdesire6@yopmail.com
2021-03-29T07:15:59Z :: Response 204
2021-03-29T07:29:23Z :: Request wordpress_create_subscriber
2021-03-29T07:29:23Z :: Request create_default_subscription
2021-03-29T07:29:23Z :: Request https://wkscp-lsa-uks-test.azurewebsites.net/LicenseServer/Authorization/RequestChallenge
2021-03-29T07:29:23Z :: Response 200
2021-03-29T07:29:23Z :: Request https://wkscp-lsa-uks-test.azurewebsites.net/LicenseServer/EC/HasLicense?email=bizdesire7%40yopmail.com
2021-03-29T07:29:24Z :: Response 200
2021-03-29T07:29:24Z :: Request https://wkscp-lsa-uks-test.azurewebsites.net/LicenseServer/Authorization/RequestChallenge
2021-03-29T07:29:24Z :: Response 200
2021-03-29T07:29:24Z :: Request https://wkscp-lsa-uks-test.azurewebsites.net/LicenseServer/EC/UserLicense
2021-03-29T07:29:24Z :: Response 200
2021-03-29T07:29:24Z :: Request create strater pack
2021-03-29T07:32:01Z :: Request create_woocommerce_order_callback
2021-03-29T07:32:02Z :: Request request_cancel_fastspring_subscription
2021-03-29T07:32:02Z :: Request request_cancel_fastspring_subscription
2021-03-29T07:32:02Z :: Request https://wkscp-lsa-uks-test.azurewebsites.net/LicenseServer/Authorization/RequestChallenge
2021-03-29T07:32:02Z :: Response 200
2021-03-29T07:32:02Z :: Request https://wkscp-lsa-uks-test.azurewebsites.net/LicenseServer/EC/HasLicense?email=bizdesire7%40yopmail.com
2021-03-29T07:32:02Z :: Response 200
2021-03-29T07:32:03Z :: Request https://wkscp-lsa-uks-test.azurewebsites.net/LicenseServer/Authorization/RequestChallenge
2021-03-29T07:32:03Z :: Response 200
2021-03-29T07:32:03Z :: Request https://wkscp-lsa-uks-test.azurewebsites.net/LicenseServer/Authorization/RequestChallenge
2021-03-29T07:32:03Z :: Response 200
2021-03-29T07:32:03Z :: Request https://wkscp-lsa-uks-test.azurewebsites.net/LicenseServer/EC/HasLicense?email=bizdesire7%40yopmail.com
2021-03-29T07:32:03Z :: Response 200
2021-03-29T07:32:03Z :: Request https://wkscp-lsa-uks-test.azurewebsites.net/LicenseServer/EC/UserLicense/bizdesire7@yopmail.com
2021-03-29T07:32:04Z :: Response 204
2021-03-29T07:32:37Z :: Request fastspring_subscription_updated
2021-03-29T07:32:37Z :: Request https://wkscp-lsa-uks-test.azurewebsites.net/LicenseServer/Authorization/RequestChallenge
2021-03-29T07:32:37Z :: Response 200
2021-03-29T07:32:37Z :: Request https://wkscp-lsa-uks-test.azurewebsites.net/LicenseServer/EC/HasLicense?email=bizdesire7%40yopmail.com
2021-03-29T07:32:37Z :: Response 200
2021-03-29T07:32:37Z :: Request https://wkscp-lsa-uks-test.azurewebsites.net/LicenseServer/Authorization/RequestChallenge
2021-03-29T07:32:37Z :: Response 200
2021-03-29T07:32:37Z :: Request https://wkscp-lsa-uks-test.azurewebsites.net/LicenseServer/Authorization/RequestChallenge
2021-03-29T07:32:37Z :: Response 200
2021-03-29T07:32:37Z :: Request https://wkscp-lsa-uks-test.azurewebsites.net/LicenseServer/EC/HasLicense?email=bizdesire7%40yopmail.com
2021-03-29T07:32:37Z :: Response 200
2021-03-29T07:32:38Z :: Request https://wkscp-lsa-uks-test.azurewebsites.net/LicenseServer/EC/UserLicense/bizdesire7@yopmail.com
2021-03-29T07:32:38Z :: Response 204
2021-03-29T07:32:39Z :: Request fastspring_subscription_charge_completed
2021-03-29T07:51:43Z :: Request fastspring_subscription_updated
2021-03-29T07:51:43Z :: Request https://wkscp-lsa-uks-test.azurewebsites.net/LicenseServer/Authorization/RequestChallenge
2021-03-29T07:51:43Z :: Response 200
2021-03-29T07:51:43Z :: Request https://wkscp-lsa-uks-test.azurewebsites.net/LicenseServer/EC/HasLicense?email=bizdesire7%40yopmail.com
2021-03-29T07:51:44Z :: Response 200
2021-03-29T07:51:44Z :: Request https://wkscp-lsa-uks-test.azurewebsites.net/LicenseServer/Authorization/RequestChallenge
2021-03-29T07:51:44Z :: Response 200
2021-03-29T07:51:44Z :: Request https://wkscp-lsa-uks-test.azurewebsites.net/LicenseServer/Authorization/RequestChallenge
2021-03-29T07:51:44Z :: Response 200
2021-03-29T07:51:44Z :: Request https://wkscp-lsa-uks-test.azurewebsites.net/LicenseServer/EC/HasLicense?email=bizdesire7%40yopmail.com
2021-03-29T07:51:44Z :: Response 200
2021-03-29T07:51:44Z :: Request https://wkscp-lsa-uks-test.azurewebsites.net/LicenseServer/EC/UserLicense/bizdesire7@yopmail.com
2021-03-29T07:51:44Z :: Response 0
2021-03-29T07:52:23Z :: Request fastspring_subscription_updated
2021-03-29T07:52:23Z :: Request https://wkscp-lsa-uks-test.azurewebsites.net/LicenseServer/Authorization/RequestChallenge
2021-03-29T07:52:23Z :: Response 200
2021-03-29T07:52:23Z :: Request https://wkscp-lsa-uks-test.azurewebsites.net/LicenseServer/EC/HasLicense?email=bizdesire7%40yopmail.com
2021-03-29T07:52:23Z :: Response 200
2021-03-29T07:52:23Z :: Request https://wkscp-lsa-uks-test.azurewebsites.net/LicenseServer/Authorization/RequestChallenge
2021-03-29T07:52:23Z :: Response 200
2021-03-29T07:52:23Z :: Request https://wkscp-lsa-uks-test.azurewebsites.net/LicenseServer/Authorization/RequestChallenge
2021-03-29T07:52:23Z :: Response 200
2021-03-29T07:52:23Z :: Request https://wkscp-lsa-uks-test.azurewebsites.net/LicenseServer/EC/HasLicense?email=bizdesire7%40yopmail.com
2021-03-29T07:52:23Z :: Response 200
2021-03-29T07:52:24Z :: Request https://wkscp-lsa-uks-test.azurewebsites.net/LicenseServer/EC/UserLicense/bizdesire7@yopmail.com
2021-03-29T07:52:24Z :: Response 204
2021-03-29T07:53:16Z :: Request fastspring_subscription_updated
2021-03-29T07:53:16Z :: Request https://wkscp-lsa-uks-test.azurewebsites.net/LicenseServer/Authorization/RequestChallenge
2021-03-29T07:53:16Z :: Response 200
2021-03-29T07:53:16Z :: Request https://wkscp-lsa-uks-test.azurewebsites.net/LicenseServer/EC/HasLicense?email=bizdesire7%40yopmail.com
2021-03-29T07:53:16Z :: Response 0
2021-03-29T07:53:16Z :: Request https://wkscp-lsa-uks-test.azurewebsites.net/LicenseServer/Authorization/RequestChallenge
2021-03-29T07:53:16Z :: Response 0
2021-03-29T07:53:16Z :: Request https://wkscp-lsa-uks-test.azurewebsites.net/LicenseServer/Authorization/RequestChallenge
2021-03-29T07:53:16Z :: Response 200
2021-03-29T07:53:16Z :: Request https://wkscp-lsa-uks-test.azurewebsites.net/LicenseServer/EC/HasLicense?email=bizdesire7%40yopmail.com
2021-03-29T07:53:16Z :: Response 0
2021-03-29T07:53:16Z :: Request https://wkscp-lsa-uks-test.azurewebsites.net/LicenseServer/EC/UserLicense/bizdesire7@yopmail.com
2021-03-29T07:53:16Z :: Response 401
2021-03-29T07:57:33Z :: Request fastspring_subscription_updated
2021-03-29T07:57:33Z :: Request https://wkscp-lsa-uks-test.azurewebsites.net/LicenseServer/Authorization/RequestChallenge
2021-03-29T07:57:33Z :: Response 200
2021-03-29T07:57:33Z :: Request https://wkscp-lsa-uks-test.azurewebsites.net/LicenseServer/EC/HasLicense?email=bizdesire7%40yopmail.com
2021-03-29T07:57:33Z :: Response 200
2021-03-29T07:57:33Z :: Request https://wkscp-lsa-uks-test.azurewebsites.net/LicenseServer/Authorization/RequestChallenge
2021-03-29T07:57:33Z :: Response 0
2021-03-29T07:57:33Z :: Curl error: SSL: no alternative certificate subject name matches target host name 'wkscp-lsa-uks-test.azurewebsites.net'
2021-03-29T07:57:33Z :: Request https://wkscp-lsa-uks-test.azurewebsites.net/LicenseServer/Authorization/RequestChallenge
2021-03-29T07:57:33Z :: Response 200
2021-03-29T07:57:33Z :: Request https://wkscp-lsa-uks-test.azurewebsites.net/LicenseServer/EC/HasLicense?email=bizdesire7%40yopmail.com
2021-03-29T07:57:34Z :: Curl error: SSL: no alternative certificate subject name matches target host name 'wkscp-lsa-uks-test.azurewebsites.net'
2021-03-29T07:57:34Z :: Response 0
2021-03-29T07:57:34Z :: Request https://wkscp-lsa-uks-test.azurewebsites.net/LicenseServer/EC/UserLicense/bizdesire7@yopmail.com
2021-03-29T07:57:34Z :: Response 401
2021-03-29T08:05:48Z :: Request fastspring_subscription_updated
2021-03-29T08:05:48Z :: Request https://wkscp-lsa-uks-test.azurewebsites.net/LicenseServer/Authorization/RequestChallenge
2021-03-29T08:05:49Z :: Response 200
2021-03-29T08:05:49Z :: Request https://wkscp-lsa-uks-test.azurewebsites.net/LicenseServer/EC/HasLicense?email=bizdesire7%40yopmail.com
2021-03-29T08:05:49Z :: Response 200
2021-03-29T08:05:49Z :: Request https://wkscp-lsa-uks-test.azurewebsites.net/LicenseServer/Authorization/RequestChallenge
2021-03-29T08:05:49Z :: Response 200
2021-03-29T08:05:49Z :: Request https://wkscp-lsa-uks-test.azurewebsites.net/LicenseServer/Authorization/RequestChallenge
2021-03-29T08:05:49Z :: Response 200
2021-03-29T08:05:49Z :: Request https://wkscp-lsa-uks-test.azurewebsites.net/LicenseServer/EC/HasLicense?email=bizdesire7%40yopmail.com
2021-03-29T08:05:49Z :: Response 200
2021-03-29T08:05:49Z :: Request https://wkscp-lsa-uks-test.azurewebsites.net/LicenseServer/EC/UserLicense/bizdesire7@yopmail.com
2021-03-29T08:05:50Z :: Response 204
2021-03-29T08:09:07Z :: Request fastspring_subscription_updated
2021-03-29T08:09:07Z :: Request https://wkscp-lsa-uks-test.azurewebsites.net/LicenseServer/Authorization/RequestChallenge
2021-03-29T08:09:07Z :: Response 200
2021-03-29T08:09:07Z :: Request https://wkscp-lsa-uks-test.azurewebsites.net/LicenseServer/EC/HasLicense?email=bizdesire7%40yopmail.com
2021-03-29T08:09:07Z :: Response 200
2021-03-29T08:09:07Z :: Request https://wkscp-lsa-uks-test.azurewebsites.net/LicenseServer/Authorization/RequestChallenge
2021-03-29T08:09:07Z :: Response 200
2021-03-29T08:09:07Z :: Request https://wkscp-lsa-uks-test.azurewebsites.net/LicenseServer/Authorization/RequestChallenge
2021-03-29T08:09:07Z :: Response 200
2021-03-29T08:09:07Z :: Request https://wkscp-lsa-uks-test.azurewebsites.net/LicenseServer/EC/HasLicense?email=bizdesire7%40yopmail.com
2021-03-29T08:09:07Z :: Response 200
2021-03-29T08:09:08Z :: TransactionId:ecomm_3315Request Urlhttps://wkscp-lsa-uks-test.azurewebsites.net/LicenseServer/EC/UserLicense/bizdesire7@yopmail.com
2021-03-29T08:09:08Z :: Response 204
2021-03-29T08:09:42Z :: Request fastspring_subscription_updated
2021-03-29T08:09:42Z :: Request https://wkscp-lsa-uks-test.azurewebsites.net/LicenseServer/Authorization/RequestChallenge
2021-03-29T08:09:42Z :: Response 200
2021-03-29T08:09:42Z :: Request https://wkscp-lsa-uks-test.azurewebsites.net/LicenseServer/EC/HasLicense?email=bizdesire7%40yopmail.com
2021-03-29T08:09:43Z :: Response 200
2021-03-29T08:09:43Z :: Request https://wkscp-lsa-uks-test.azurewebsites.net/LicenseServer/Authorization/RequestChallenge
2021-03-29T08:09:43Z :: Response 200
2021-03-29T08:09:43Z :: Request https://wkscp-lsa-uks-test.azurewebsites.net/LicenseServer/Authorization/RequestChallenge
2021-03-29T08:09:43Z :: Response 200
2021-03-29T08:09:43Z :: Request https://wkscp-lsa-uks-test.azurewebsites.net/LicenseServer/EC/HasLicense?email=bizdesire7%40yopmail.com
2021-03-29T08:09:43Z :: Response 200
2021-03-29T08:09:43Z :: TransactionId:ecomm_3315Request Urlhttps://wkscp-lsa-uks-test.azurewebsites.net/LicenseServer/EC/UserLicense/bizdesire7@yopmail.com
2021-03-29T08:09:44Z :: Response 204
2021-03-29T08:10:12Z :: Request wordpress_create_subscriber
2021-03-29T08:11:03Z :: Request fastspring_subscription_updated
2021-03-29T08:11:03Z :: Request https://wkscp-lsa-uks-test.azurewebsites.net/LicenseServer/Authorization/RequestChallenge
2021-03-29T08:11:03Z :: Response 200
2021-03-29T08:11:03Z :: Request https://wkscp-lsa-uks-test.azurewebsites.net/LicenseServer/EC/HasLicense?email=bizdesire7%40yopmail.com
2021-03-29T08:11:04Z :: Response 200
2021-03-29T08:11:04Z :: Request https://wkscp-lsa-uks-test.azurewebsites.net/LicenseServer/Authorization/RequestChallenge
2021-03-29T08:11:04Z :: Response 200
2021-03-29T08:11:04Z :: Request https://wkscp-lsa-uks-test.azurewebsites.net/LicenseServer/Authorization/RequestChallenge
2021-03-29T08:11:04Z :: Response 200
2021-03-29T08:11:04Z :: Request https://wkscp-lsa-uks-test.azurewebsites.net/LicenseServer/EC/HasLicense?email=bizdesire7%40yopmail.com
2021-03-29T08:11:04Z :: Response 200
2021-03-29T08:11:04Z :: TransactionId:ecomm_3315 Request Urlhttps://wkscp-lsa-uks-test.azurewebsites.net/LicenseServer/EC/UserLicense/bizdesire7@yopmail.com
2021-03-29T08:11:05Z :: Response 204
2021-03-29T08:12:13Z :: Request create_default_subscription
2021-03-29T08:12:13Z :: Request https://wkscp-lsa-uks-test.azurewebsites.net/LicenseServer/Authorization/RequestChallenge
2021-03-29T08:12:14Z :: Response 200
2021-03-29T08:12:14Z :: Request https://wkscp-lsa-uks-test.azurewebsites.net/LicenseServer/EC/HasLicense?email=bizdesire6%40yopmail.com
2021-03-29T08:12:14Z :: Curl error: SSL: no alternative certificate subject name matches target host name 'wkscp-lsa-uks-test.azurewebsites.net'
2021-03-29T08:12:14Z :: Response 0
2021-03-29T08:12:14Z :: Request https://wkscp-lsa-uks-test.azurewebsites.net/LicenseServer/Authorization/RequestChallenge
2021-03-29T08:12:14Z :: Response 200
2021-03-29T08:12:14Z :: Request https://wkscp-lsa-uks-test.azurewebsites.net/LicenseServer/Authorization/RequestChallenge
2021-03-29T08:12:14Z :: Response 200
2021-03-29T08:12:14Z :: Request https://wkscp-lsa-uks-test.azurewebsites.net/LicenseServer/EC/HasLicense?email=bizdesire6%40yopmail.com
2021-03-29T08:12:14Z :: Curl error: SSL: no alternative certificate subject name matches target host name 'wkscp-lsa-uks-test.azurewebsites.net'
2021-03-29T08:12:14Z :: Response 0
2021-03-29T08:12:14Z :: TransactionId:ecomm_3317 Request Urlhttps://wkscp-lsa-uks-test.azurewebsites.net/LicenseServer/EC/UserLicense/bizdesire6@yopmail.com
2021-03-29T08:12:14Z :: Response 400
2021-03-29T08:12:14Z :: Request create strater pack
2021-03-29T08:12:14Z :: Request request_cancel_fastspring_subscription
2021-03-29T08:12:16Z :: Request https://wkscp-lsa-uks-test.azurewebsites.net/LicenseServer/Authorization/RequestChallenge
2021-03-29T08:12:16Z :: Response 200
2021-03-29T08:12:16Z :: Request https://wkscp-lsa-uks-test.azurewebsites.net/LicenseServer/EC/UserLicense/bizdesire6%40yopmail.com
2021-03-29T08:12:16Z :: Response 204
2021-03-29T08:12:21Z :: Request canceled_woocommerce_subscription_callback
2021-03-29T08:13:42Z :: Request fastspring_subscription_updated
2021-03-29T08:13:42Z :: Request https://wkscp-lsa-uks-test.azurewebsites.net/LicenseServer/Authorization/RequestChallenge
2021-03-29T08:13:42Z :: Response 200
2021-03-29T08:13:42Z :: Request https://wkscp-lsa-uks-test.azurewebsites.net/LicenseServer/EC/HasLicense?email=bizdesire7%40yopmail.com
2021-03-29T08:13:43Z :: Response 200
2021-03-29T08:13:43Z :: Request https://wkscp-lsa-uks-test.azurewebsites.net/LicenseServer/Authorization/RequestChallenge
2021-03-29T08:13:43Z :: Response 200
2021-03-29T08:13:43Z :: Request https://wkscp-lsa-uks-test.azurewebsites.net/LicenseServer/Authorization/RequestChallenge
2021-03-29T08:13:43Z :: Response 200
2021-03-29T08:13:43Z :: Request https://wkscp-lsa-uks-test.azurewebsites.net/LicenseServer/EC/HasLicense?email=bizdesire7%40yopmail.com
2021-03-29T08:13:43Z :: Response 200
2021-03-29T08:13:43Z :: TransactionId:ecomm_3315 Request Urlhttps://wkscp-lsa-uks-test.azurewebsites.net/LicenseServer/EC/UserLicense/bizdesire7@yopmail.com
2021-03-29T08:13:44Z :: Response 0
2021-03-29T08:13:44Z :: Curl error: SSL: no alternative certificate subject name matches target host name 'wkscp-lsa-uks-test.azurewebsites.net'
2021-03-29T08:14:56Z :: Request fastspring_subscription_updated
2021-03-29T08:14:56Z :: Request https://wkscp-lsa-uks-test.azurewebsites.net/LicenseServer/Authorization/RequestChallenge
2021-03-29T08:14:56Z :: Response 200
2021-03-29T08:14:56Z :: Request https://wkscp-lsa-uks-test.azurewebsites.net/LicenseServer/EC/HasLicense?email=bizdesire7%40yopmail.com
2021-03-29T08:14:56Z :: Curl error: SSL: no alternative certificate subject name matches target host name 'wkscp-lsa-uks-test.azurewebsites.net'
2021-03-29T08:14:56Z :: Response 0
2021-03-29T08:14:56Z :: Request https://wkscp-lsa-uks-test.azurewebsites.net/LicenseServer/Authorization/RequestChallenge
2021-03-29T08:14:56Z :: Response 0
2021-03-29T08:14:56Z :: Curl error: SSL: no alternative certificate subject name matches target host name 'wkscp-lsa-uks-test.azurewebsites.net'
2021-03-29T08:14:56Z :: Request https://wkscp-lsa-uks-test.azurewebsites.net/LicenseServer/Authorization/RequestChallenge
2021-03-29T08:14:56Z :: Response 200
2021-03-29T08:14:56Z :: Request https://wkscp-lsa-uks-test.azurewebsites.net/LicenseServer/EC/HasLicense?email=bizdesire7%40yopmail.com
2021-03-29T08:14:56Z :: Curl error: SSL: no alternative certificate subject name matches target host name 'wkscp-lsa-uks-test.azurewebsites.net'
2021-03-29T08:14:56Z :: Response 0
2021-03-29T08:14:56Z :: TransactionId:ecomm_3315 Request Urlhttps://wkscp-lsa-uks-test.azurewebsites.net/LicenseServer/EC/UserLicense/bizdesire7@yopmail.com
2021-03-29T08:14:57Z :: Response 0
2021-03-29T08:14:57Z :: Curl error: SSL: no alternative certificate subject name matches target host name 'wkscp-lsa-uks-test.azurewebsites.net'
2021-03-29T08:23:53Z :: Request fastspring_subscription_updated
2021-03-29T08:23:54Z :: Request https://wkscp-lsa-uks-test.azurewebsites.net/LicenseServer/Authorization/RequestChallenge
2021-03-29T08:23:54Z :: Response 200
2021-03-29T08:23:54Z :: Request https://wkscp-lsa-uks-test.azurewebsites.net/LicenseServer/EC/HasLicense?email=bizdesire7%40yopmail.com
2021-03-29T08:23:54Z :: Response 200
2021-03-29T08:23:54Z :: Request https://wkscp-lsa-uks-test.azurewebsites.net/LicenseServer/Authorization/RequestChallenge
2021-03-29T08:23:54Z :: Response 200
2021-03-29T08:23:54Z :: Request https://wkscp-lsa-uks-test.azurewebsites.net/LicenseServer/Authorization/RequestChallenge
2021-03-29T08:23:54Z :: Response 200
2021-03-29T08:23:54Z :: Request https://wkscp-lsa-uks-test.azurewebsites.net/LicenseServer/EC/HasLicense?email=bizdesire7%40yopmail.com
2021-03-29T08:23:54Z :: Response 200
2021-03-29T08:23:54Z :: TransactionId:ecomm_3315 Request Urlhttps://wkscp-lsa-uks-test.azurewebsites.net/LicenseServer/EC/UserLicense/bizdesire7@yopmail.com
2021-03-29T08:23:55Z :: Response 204
2021-03-29T08:30:38Z :: Request fastspring_subscription_updated
2021-03-29T08:30:38Z :: Request https://wkscp-lsa-uks-test.azurewebsites.net/LicenseServer/Authorization/RequestChallenge
2021-03-29T08:30:38Z :: Response 200
2021-03-29T08:30:38Z :: Request https://wkscp-lsa-uks-test.azurewebsites.net/LicenseServer/EC/HasLicense?email=bizdesire7%40yopmail.com
2021-03-29T08:30:39Z :: Response 200
2021-03-29T08:30:39Z :: Request https://wkscp-lsa-uks-test.azurewebsites.net/LicenseServer/Authorization/RequestChallenge
2021-03-29T08:30:39Z :: Response 200
2021-03-29T08:30:39Z :: Request https://wkscp-lsa-uks-test.azurewebsites.net/LicenseServer/Authorization/RequestChallenge
2021-03-29T08:30:39Z :: Response 200
2021-03-29T08:30:39Z :: Request https://wkscp-lsa-uks-test.azurewebsites.net/LicenseServer/EC/HasLicense?email=bizdesire7%40yopmail.com
2021-03-29T08:30:39Z :: Response 200
2021-03-29T08:30:39Z :: TransactionId:ecomm_3315 Request Urlhttps://wkscp-lsa-uks-test.azurewebsites.net/LicenseServer/EC/UserLicense/bizdesire7@yopmail.com
2021-03-29T08:30:40Z :: Response 204
2021-03-29T08:49:18Z :: Request wordpress_create_subscriber
2021-03-29T08:49:18Z :: Request create_default_subscription
2021-03-29T08:49:19Z :: Request https://wkscp-lsa-uks-test.azurewebsites.net/LicenseServer/Authorization/RequestChallenge
2021-03-29T08:49:19Z :: Response 200
2021-03-29T08:49:19Z :: Request https://wkscp-lsa-uks-test.azurewebsites.net/LicenseServer/EC/HasLicense?email=bizdesire6%40yopmail.com
2021-03-29T08:49:19Z :: Response 200
2021-03-29T08:49:19Z :: Request https://wkscp-lsa-uks-test.azurewebsites.net/LicenseServer/Authorization/RequestChallenge
2021-03-29T08:49:19Z :: Response 200
2021-03-29T08:49:19Z :: TransactionId:ecomm_3319 Request Urlhttps://wkscp-lsa-uks-test.azurewebsites.net/LicenseServer/EC/UserLicense
2021-03-29T08:49:20Z :: Response 200
2021-03-29T08:49:20Z :: Request create strater pack
2021-03-29T08:50:22Z :: Request create_woocommerce_order_callback
2021-03-29T08:50:22Z :: Request request_cancel_fastspring_subscription
2021-03-29T08:50:22Z :: Request request_cancel_fastspring_subscription
2021-03-29T08:50:22Z :: Request https://wkscp-lsa-uks-test.azurewebsites.net/LicenseServer/Authorization/RequestChallenge
2021-03-29T08:50:22Z :: Response 200
2021-03-29T08:50:22Z :: Request https://wkscp-lsa-uks-test.azurewebsites.net/LicenseServer/EC/HasLicense?email=bizdesire6%40yopmail.com
2021-03-29T08:50:22Z :: Response 200
2021-03-29T08:50:22Z :: Request https://wkscp-lsa-uks-test.azurewebsites.net/LicenseServer/Authorization/RequestChallenge
2021-03-29T08:50:22Z :: Response 200
2021-03-29T08:50:22Z :: Request https://wkscp-lsa-uks-test.azurewebsites.net/LicenseServer/Authorization/RequestChallenge
2021-03-29T08:50:22Z :: Response 200
2021-03-29T08:50:22Z :: Request https://wkscp-lsa-uks-test.azurewebsites.net/LicenseServer/EC/HasLicense?email=bizdesire6%40yopmail.com
2021-03-29T08:50:22Z :: Response 200
2021-03-29T08:50:23Z :: TransactionId:ecomm_3321 Request Urlhttps://wkscp-lsa-uks-test.azurewebsites.net/LicenseServer/EC/UserLicense/bizdesire6@yopmail.com
2021-03-29T08:50:23Z :: Response 204
2021-03-29T08:54:19Z :: Request fastspring_subscription_updated
2021-03-29T08:54:19Z :: Request https://ls-admin-test.workscope.com/LicenseServer/Authorization/RequestChallenge
2021-03-29T08:54:19Z :: Response 200
2021-03-29T08:54:19Z :: Request https://ls-admin-test.workscope.com/LicenseServer/EC/HasLicense?email=bizdesire6%40yopmail.com
2021-03-29T08:54:19Z :: Response 200
2021-03-29T08:54:19Z :: Request https://ls-admin-test.workscope.com/LicenseServer/Authorization/RequestChallenge
2021-03-29T08:54:19Z :: Response 200
2021-03-29T08:54:19Z :: Request https://ls-admin-test.workscope.com/LicenseServer/Authorization/RequestChallenge
2021-03-29T08:54:19Z :: Response 200
2021-03-29T08:54:19Z :: Request https://ls-admin-test.workscope.com/LicenseServer/EC/HasLicense?email=bizdesire6%40yopmail.com
2021-03-29T08:54:19Z :: Response 200
2021-03-29T08:54:20Z :: TransactionId:ecomm_3321 Request Urlhttps://ls-admin-test.workscope.com/LicenseServer/EC/UserLicense/bizdesire6@yopmail.com
2021-03-29T08:54:20Z :: Response 204
2021-03-29T08:54:21Z :: Request fastspring_subscription_charge_completed
2021-03-29T08:56:27Z :: Request fastspring_subscription_updated
2021-03-29T08:56:27Z :: Request https://ls-admin-test.workscope.com/LicenseServer/Authorization/RequestChallenge
2021-03-29T08:56:27Z :: Response 200
2021-03-29T08:56:27Z :: Request https://ls-admin-test.workscope.com/LicenseServer/EC/HasLicense?email=bizdesire6%40yopmail.com
2021-03-29T08:56:27Z :: Response 200
2021-03-29T08:56:27Z :: Request https://ls-admin-test.workscope.com/LicenseServer/Authorization/RequestChallenge
2021-03-29T08:56:27Z :: Response 200
2021-03-29T08:56:27Z :: Request https://ls-admin-test.workscope.com/LicenseServer/Authorization/RequestChallenge
2021-03-29T08:56:27Z :: Response 200
2021-03-29T08:56:27Z :: Request https://ls-admin-test.workscope.com/LicenseServer/EC/HasLicense?email=bizdesire6%40yopmail.com
2021-03-29T08:56:27Z :: Response 200
2021-03-29T08:56:28Z :: TransactionId:ecomm_3321 Request Url https://ls-admin-test.workscope.com/LicenseServer/EC/UserLicense/bizdesire6@yopmail.com
2021-03-29T08:56:29Z :: Response 204
2021-03-29T08:58:39Z :: Request fastspring_subscription_updated
2021-03-29T08:58:39Z :: Request https://ls-admin-test.workscope.com/LicenseServer/Authorization/RequestChallenge
2021-03-29T08:58:39Z :: Response 200
2021-03-29T08:58:39Z :: Request https://ls-admin-test.workscope.com/LicenseServer/EC/HasLicense?email=bizdesire6%40yopmail.com
2021-03-29T08:58:40Z :: Response 200
2021-03-29T08:58:40Z :: Request https://ls-admin-test.workscope.com/LicenseServer/Authorization/RequestChallenge
2021-03-29T08:58:40Z :: Response 200
2021-03-29T08:58:40Z :: Request https://ls-admin-test.workscope.com/LicenseServer/Authorization/RequestChallenge
2021-03-29T08:58:40Z :: Response 200
2021-03-29T08:58:40Z :: Request https://ls-admin-test.workscope.com/LicenseServer/EC/HasLicense?email=bizdesire6%40yopmail.com
2021-03-29T08:58:40Z :: Response 200
2021-03-29T08:58:41Z :: TransactionId:ecomm_3321 Request Url https://ls-admin-test.workscope.com/LicenseServer/EC/UserLicense/bizdesire6@yopmail.com
2021-03-29T08:58:41Z :: Response 204
2021-03-29T08:59:44Z :: Request create_default_subscription
2021-03-29T08:59:44Z :: Request https://ls-admin-test.workscope.com/LicenseServer/Authorization/RequestChallenge
2021-03-29T08:59:44Z :: Response 200
2021-03-29T08:59:44Z :: Request https://ls-admin-test.workscope.com/LicenseServer/EC/HasLicense?email=bizdesire7%40yopmail.com
2021-03-29T08:59:44Z :: Response 200
2021-03-29T08:59:44Z :: Request https://ls-admin-test.workscope.com/LicenseServer/Authorization/RequestChallenge
2021-03-29T08:59:44Z :: Response 200
2021-03-29T08:59:44Z :: Request https://ls-admin-test.workscope.com/LicenseServer/Authorization/RequestChallenge
2021-03-29T08:59:44Z :: Response 200
2021-03-29T08:59:44Z :: Request https://ls-admin-test.workscope.com/LicenseServer/EC/HasLicense?email=bizdesire7%40yopmail.com
2021-03-29T08:59:45Z :: Response 200
2021-03-29T08:59:46Z :: TransactionId:ecomm_3323 Request Url https://ls-admin-test.workscope.com/LicenseServer/EC/UserLicense/bizdesire7@yopmail.com
2021-03-29T08:59:46Z :: Response 204
2021-03-29T08:59:46Z :: Request create strater pack
2021-03-29T08:59:46Z :: Request request_cancel_fastspring_subscription
2021-03-29T08:59:47Z :: Request https://ls-admin-test.workscope.com/LicenseServer/Authorization/RequestChallenge
2021-03-29T08:59:47Z :: Response 200
2021-03-29T08:59:47Z :: Request https://ls-admin-test.workscope.com/LicenseServer/EC/UserLicense/bizdesire7%40yopmail.com
2021-03-29T08:59:47Z :: Response 204
2021-03-29T08:59:54Z :: Request canceled_woocommerce_subscription_callback
2021-03-29T09:00:00Z :: Request fastspring_subscription_updated
2021-03-29T09:00:00Z :: Request https://ls-admin-test.workscope.com/LicenseServer/Authorization/RequestChallenge
2021-03-29T09:00:00Z :: Response 200
2021-03-29T09:00:00Z :: Request https://ls-admin-test.workscope.com/LicenseServer/EC/HasLicense?email=bizdesire6%40yopmail.com
2021-03-29T09:00:00Z :: Response 200
2021-03-29T09:00:00Z :: Request https://ls-admin-test.workscope.com/LicenseServer/Authorization/RequestChallenge
2021-03-29T09:00:00Z :: Response 200
2021-03-29T09:00:00Z :: Request https://ls-admin-test.workscope.com/LicenseServer/Authorization/RequestChallenge
2021-03-29T09:00:00Z :: Response 200
2021-03-29T09:00:00Z :: Request https://ls-admin-test.workscope.com/LicenseServer/EC/HasLicense?email=bizdesire6%40yopmail.com
2021-03-29T09:00:00Z :: Response 200
2021-03-29T09:00:01Z :: TransactionId:ecomm_3321 Request Url https://ls-admin-test.workscope.com/LicenseServer/EC/UserLicense/bizdesire6@yopmail.com
2021-03-29T09:00:01Z :: Response 204
2021-03-29T09:04:38Z :: Request fastspring_subscription_updated
2021-03-29T09:04:38Z :: Request https://ls-admin-test.workscope.com/LicenseServer/Authorization/RequestChallenge
2021-03-29T09:04:38Z :: Response 200
2021-03-29T09:04:38Z :: Request https://ls-admin-test.workscope.com/LicenseServer/EC/HasLicense?email=bizdesire6%40yopmail.com
2021-03-29T09:04:38Z :: Response 200
2021-03-29T09:04:38Z :: Request https://ls-admin-test.workscope.com/LicenseServer/Authorization/RequestChallenge
2021-03-29T09:04:38Z :: Response 200
2021-03-29T09:04:38Z :: Request https://ls-admin-test.workscope.com/LicenseServer/Authorization/RequestChallenge
2021-03-29T09:04:38Z :: Response 200
2021-03-29T09:04:38Z :: Request https://ls-admin-test.workscope.com/LicenseServer/EC/HasLicense?email=bizdesire6%40yopmail.com
2021-03-29T09:04:39Z :: Response 200
2021-03-29T09:04:39Z :: TransactionId:ecomm_3321 Request Url https://ls-admin-test.workscope.com/LicenseServer/EC/UserLicense/bizdesire6@yopmail.com
2021-03-29T09:04:39Z :: Response 204